2024-05-16 04:08:31,066 [Worker-5: Loading available Gradle versions] INFO  o.e.b.c.i.u.g.PublishedGradleVersions - Gradle version information cache is out-of-date. Trying to update.
2024-05-16 04:21:49,337 [Worker-16: Launching mavenrun-f9f2895d-7ea8-4c49-81a6-d7bffb85633e] INFO  o.eclipse.m2e.core.internal.Bundles - getClasspathEntries(Bundle=org.eclipse.m2e.maven.runtime_3.9.500.20231113-2345 [295])
2024-05-16 04:21:49,533 [Worker-16: Launching mavenrun-f9f2895d-7ea8-4c49-81a6-d7bffb85633e] INFO  o.eclipse.m2e.core.internal.Bundles - 	Entry: C:\Users\Dell\.p2\pool\plugins\org.eclipse.m2e.maven.runtime_3.9.500.20231113-2345
2024-05-16 04:21:49,534 [Worker-16: Launching mavenrun-f9f2895d-7ea8-4c49-81a6-d7bffb85633e] INFO  o.eclipse.m2e.core.internal.Bundles - 	Entry: C:\Users\Dell\.p2\pool\plugins\org.eclipse.m2e.maven.runtime_3.9.500.20231113-2345\jars\aopalliance-1.0.jar
2024-05-16 04:21:49,535 [Worker-16: Launching mavenrun-f9f2895d-7ea8-4c49-81a6-d7bffb85633e] INFO  o.eclipse.m2e.core.internal.Bundles - 	Entry: C:\Users\Dell\.p2\pool\plugins\org.eclipse.m2e.maven.runtime_3.9.500.20231113-2345\jars\guice-5.1.0.jar
2024-05-16 04:21:49,535 [Worker-16: Launching mavenrun-f9f2895d-7ea8-4c49-81a6-d7bffb85633e] INFO  o.eclipse.m2e.core.internal.Bundles - 	Entry: C:\Users\Dell\.p2\pool\plugins\org.eclipse.m2e.maven.runtime_3.9.500.20231113-2345\jars\httpclient-4.5.14.jar
2024-05-16 04:21:49,536 [Worker-16: Launching mavenrun-f9f2895d-7ea8-4c49-81a6-d7bffb85633e] INFO  o.eclipse.m2e.core.internal.Bundles - 	Entry: C:\Users\Dell\.p2\pool\plugins\org.eclipse.m2e.maven.runtime_3.9.500.20231113-2345\jars\httpcore-4.4.16.jar
2024-05-16 04:21:49,536 [Worker-16: Launching mavenrun-f9f2895d-7ea8-4c49-81a6-d7bffb85633e] INFO  o.eclipse.m2e.core.internal.Bundles - 	Entry: C:\Users\Dell\.p2\pool\plugins\org.eclipse.m2e.maven.runtime_3.9.500.20231113-2345\jars\jansi-2.4.0.jar
2024-05-16 04:21:49,537 [Worker-16: Launching mavenrun-f9f2895d-7ea8-4c49-81a6-d7bffb85633e] INFO  o.eclipse.m2e.core.internal.Bundles - 	Entry: C:\Users\Dell\.p2\pool\plugins\org.eclipse.m2e.maven.runtime_3.9.500.20231113-2345\jars\jcl-over-slf4j-1.7.36.jar
2024-05-16 04:21:49,538 [Worker-16: Launching mavenrun-f9f2895d-7ea8-4c49-81a6-d7bffb85633e] INFO  o.eclipse.m2e.core.internal.Bundles - 	Entry: C:\Users\Dell\.p2\pool\plugins\org.eclipse.m2e.maven.runtime_3.9.500.20231113-2345\jars\maven-artifact-3.9.5.jar
2024-05-16 04:21:49,539 [Worker-16: Launching mavenrun-f9f2895d-7ea8-4c49-81a6-d7bffb85633e] INFO  o.eclipse.m2e.core.internal.Bundles - 	Entry: C:\Users\Dell\.p2\pool\plugins\org.eclipse.m2e.maven.runtime_3.9.500.20231113-2345\jars\maven-builder-support-3.9.5.jar
2024-05-16 04:21:49,540 [Worker-16: Launching mavenrun-f9f2895d-7ea8-4c49-81a6-d7bffb85633e] INFO  o.eclipse.m2e.core.internal.Bundles - 	Entry: C:\Users\Dell\.p2\pool\plugins\org.eclipse.m2e.maven.runtime_3.9.500.20231113-2345\jars\maven-compat-3.9.5.jar
2024-05-16 04:21:49,540 [Worker-16: Launching mavenrun-f9f2895d-7ea8-4c49-81a6-d7bffb85633e] INFO  o.eclipse.m2e.core.internal.Bundles - 	Entry: C:\Users\Dell\.p2\pool\plugins\org.eclipse.m2e.maven.runtime_3.9.500.20231113-2345\jars\maven-core-3.9.5.jar
2024-05-16 04:21:49,541 [Worker-16: Launching mavenrun-f9f2895d-7ea8-4c49-81a6-d7bffb85633e] INFO  o.eclipse.m2e.core.internal.Bundles - 	Entry: C:\Users\Dell\.p2\pool\plugins\org.eclipse.m2e.maven.runtime_3.9.500.20231113-2345\jars\maven-embedder-3.9.5.jar
2024-05-16 04:21:49,541 [Worker-16: Launching mavenrun-f9f2895d-7ea8-4c49-81a6-d7bffb85633e] INFO  o.eclipse.m2e.core.internal.Bundles - 	Entry: C:\Users\Dell\.p2\pool\plugins\org.eclipse.m2e.maven.runtime_3.9.500.20231113-2345\jars\maven-model-3.9.5.jar
2024-05-16 04:21:49,542 [Worker-16: Launching mavenrun-f9f2895d-7ea8-4c49-81a6-d7bffb85633e] INFO  o.eclipse.m2e.core.internal.Bundles - 	Entry: C:\Users\Dell\.p2\pool\plugins\org.eclipse.m2e.maven.runtime_3.9.500.20231113-2345\jars\maven-model-builder-3.9.5.jar
2024-05-16 04:21:49,542 [Worker-16: Launching mavenrun-f9f2895d-7ea8-4c49-81a6-d7bffb85633e] INFO  o.eclipse.m2e.core.internal.Bundles - 	Entry: C:\Users\Dell\.p2\pool\plugins\org.eclipse.m2e.maven.runtime_3.9.500.20231113-2345\jars\maven-plugin-api-3.9.5.jar
2024-05-16 04:21:49,543 [Worker-16: Launching mavenrun-f9f2895d-7ea8-4c49-81a6-d7bffb85633e] INFO  o.eclipse.m2e.core.internal.Bundles - 	Entry: C:\Users\Dell\.p2\pool\plugins\org.eclipse.m2e.maven.runtime_3.9.500.20231113-2345\jars\maven-repository-metadata-3.9.5.jar
2024-05-16 04:21:49,543 [Worker-16: Launching mavenrun-f9f2895d-7ea8-4c49-81a6-d7bffb85633e] INFO  o.eclipse.m2e.core.internal.Bundles - 	Entry: C:\Users\Dell\.p2\pool\plugins\org.eclipse.m2e.maven.runtime_3.9.500.20231113-2345\jars\maven-resolver-api-1.9.16.jar
2024-05-16 04:21:49,544 [Worker-16: Launching mavenrun-f9f2895d-7ea8-4c49-81a6-d7bffb85633e] INFO  o.eclipse.m2e.core.internal.Bundles - 	Entry: C:\Users\Dell\.p2\pool\plugins\org.eclipse.m2e.maven.runtime_3.9.500.20231113-2345\jars\maven-resolver-connector-basic-1.9.16.jar
2024-05-16 04:21:49,545 [Worker-16: Launching mavenrun-f9f2895d-7ea8-4c49-81a6-d7bffb85633e] INFO  o.eclipse.m2e.core.internal.Bundles - 	Entry: C:\Users\Dell\.p2\pool\plugins\org.eclipse.m2e.maven.runtime_3.9.500.20231113-2345\jars\maven-resolver-impl-1.9.16.jar
2024-05-16 04:21:49,545 [Worker-16: Launching mavenrun-f9f2895d-7ea8-4c49-81a6-d7bffb85633e] INFO  o.eclipse.m2e.core.internal.Bundles - 	Entry: C:\Users\Dell\.p2\pool\plugins\org.eclipse.m2e.maven.runtime_3.9.500.20231113-2345\jars\maven-resolver-named-locks-1.9.16.jar
2024-05-16 04:21:49,546 [Worker-16: Launching mavenrun-f9f2895d-7ea8-4c49-81a6-d7bffb85633e] INFO  o.eclipse.m2e.core.internal.Bundles - 	Entry: C:\Users\Dell\.p2\pool\plugins\org.eclipse.m2e.maven.runtime_3.9.500.20231113-2345\jars\maven-resolver-provider-3.9.5.jar
2024-05-16 04:21:49,546 [Worker-16: Launching mavenrun-f9f2895d-7ea8-4c49-81a6-d7bffb85633e] INFO  o.eclipse.m2e.core.internal.Bundles - 	Entry: C:\Users\Dell\.p2\pool\plugins\org.eclipse.m2e.maven.runtime_3.9.500.20231113-2345\jars\maven-resolver-spi-1.9.16.jar
2024-05-16 04:21:49,547 [Worker-16: Launching mavenrun-f9f2895d-7ea8-4c49-81a6-d7bffb85633e] INFO  o.eclipse.m2e.core.internal.Bundles - 	Entry: C:\Users\Dell\.p2\pool\plugins\org.eclipse.m2e.maven.runtime_3.9.500.20231113-2345\jars\maven-resolver-transport-file-1.9.16.jar
2024-05-16 04:21:49,548 [Worker-16: Launching mavenrun-f9f2895d-7ea8-4c49-81a6-d7bffb85633e] INFO  o.eclipse.m2e.core.internal.Bundles - 	Entry: C:\Users\Dell\.p2\pool\plugins\org.eclipse.m2e.maven.runtime_3.9.500.20231113-2345\jars\maven-resolver-transport-http-1.9.16.jar
2024-05-16 04:21:49,548 [Worker-16: Launching mavenrun-f9f2895d-7ea8-4c49-81a6-d7bffb85633e] INFO  o.eclipse.m2e.core.internal.Bundles - 	Entry: C:\Users\Dell\.p2\pool\plugins\org.eclipse.m2e.maven.runtime_3.9.500.20231113-2345\jars\maven-resolver-transport-wagon-1.9.16.jar
2024-05-16 04:21:49,549 [Worker-16: Launching mavenrun-f9f2895d-7ea8-4c49-81a6-d7bffb85633e] INFO  o.eclipse.m2e.core.internal.Bundles - 	Entry: C:\Users\Dell\.p2\pool\plugins\org.eclipse.m2e.maven.runtime_3.9.500.20231113-2345\jars\maven-resolver-util-1.9.16.jar
2024-05-16 04:21:49,549 [Worker-16: Launching mavenrun-f9f2895d-7ea8-4c49-81a6-d7bffb85633e] INFO  o.eclipse.m2e.core.internal.Bundles - 	Entry: C:\Users\Dell\.p2\pool\plugins\org.eclipse.m2e.maven.runtime_3.9.500.20231113-2345\jars\maven-settings-3.9.5.jar
2024-05-16 04:21:49,550 [Worker-16: Launching mavenrun-f9f2895d-7ea8-4c49-81a6-d7bffb85633e] INFO  o.eclipse.m2e.core.internal.Bundles - 	Entry: C:\Users\Dell\.p2\pool\plugins\org.eclipse.m2e.maven.runtime_3.9.500.20231113-2345\jars\maven-settings-builder-3.9.5.jar
2024-05-16 04:21:49,551 [Worker-16: Launching mavenrun-f9f2895d-7ea8-4c49-81a6-d7bffb85633e] INFO  o.eclipse.m2e.core.internal.Bundles - 	Entry: C:\Users\Dell\.p2\pool\plugins\org.eclipse.m2e.maven.runtime_3.9.500.20231113-2345\jars\maven-shared-utils-3.3.4.jar
2024-05-16 04:21:49,551 [Worker-16: Launching mavenrun-f9f2895d-7ea8-4c49-81a6-d7bffb85633e] INFO  o.eclipse.m2e.core.internal.Bundles - 	Entry: C:\Users\Dell\.p2\pool\plugins\org.eclipse.m2e.maven.runtime_3.9.500.20231113-2345\jars\org.eclipse.sisu.inject-0.3.5.jar
2024-05-16 04:21:49,552 [Worker-16: Launching mavenrun-f9f2895d-7ea8-4c49-81a6-d7bffb85633e] INFO  o.eclipse.m2e.core.internal.Bundles - 	Entry: C:\Users\Dell\.p2\pool\plugins\org.eclipse.m2e.maven.runtime_3.9.500.20231113-2345\jars\org.eclipse.sisu.plexus-0.3.5.jar
2024-05-16 04:21:49,552 [Worker-16: Launching mavenrun-f9f2895d-7ea8-4c49-81a6-d7bffb85633e] INFO  o.eclipse.m2e.core.internal.Bundles - 	Entry: C:\Users\Dell\.p2\pool\plugins\org.eclipse.m2e.maven.runtime_3.9.500.20231113-2345\jars\plexus-build-api-0.0.7.jar
2024-05-16 04:21:49,553 [Worker-16: Launching mavenrun-f9f2895d-7ea8-4c49-81a6-d7bffb85633e] INFO  o.eclipse.m2e.core.internal.Bundles - 	Entry: C:\Users\Dell\.p2\pool\plugins\org.eclipse.m2e.maven.runtime_3.9.500.20231113-2345\jars\plexus-cipher-2.0.jar
2024-05-16 04:21:49,554 [Worker-16: Launching mavenrun-f9f2895d-7ea8-4c49-81a6-d7bffb85633e] INFO  o.eclipse.m2e.core.internal.Bundles - 	Entry: C:\Users\Dell\.p2\pool\plugins\org.eclipse.m2e.maven.runtime_3.9.500.20231113-2345\jars\plexus-classworlds-2.7.0.jar
2024-05-16 04:21:49,554 [Worker-16: Launching mavenrun-f9f2895d-7ea8-4c49-81a6-d7bffb85633e] INFO  o.eclipse.m2e.core.internal.Bundles - 	Entry: C:\Users\Dell\.p2\pool\plugins\org.eclipse.m2e.maven.runtime_3.9.500.20231113-2345\jars\plexus-component-annotations-2.1.0.jar
2024-05-16 04:21:49,555 [Worker-16: Launching mavenrun-f9f2895d-7ea8-4c49-81a6-d7bffb85633e] INFO  o.eclipse.m2e.core.internal.Bundles - 	Entry: C:\Users\Dell\.p2\pool\plugins\org.eclipse.m2e.maven.runtime_3.9.500.20231113-2345\jars\plexus-interpolation-1.26.jar
2024-05-16 04:21:49,556 [Worker-16: Launching mavenrun-f9f2895d-7ea8-4c49-81a6-d7bffb85633e] INFO  o.eclipse.m2e.core.internal.Bundles - 	Entry: C:\Users\Dell\.p2\pool\plugins\org.eclipse.m2e.maven.runtime_3.9.500.20231113-2345\jars\plexus-sec-dispatcher-2.0.jar
2024-05-16 04:21:49,557 [Worker-16: Launching mavenrun-f9f2895d-7ea8-4c49-81a6-d7bffb85633e] INFO  o.eclipse.m2e.core.internal.Bundles - 	Entry: C:\Users\Dell\.p2\pool\plugins\org.eclipse.m2e.maven.runtime_3.9.500.20231113-2345\jars\plexus-utils-3.5.1.jar
2024-05-16 04:21:49,558 [Worker-16: Launching mavenrun-f9f2895d-7ea8-4c49-81a6-d7bffb85633e] INFO  o.eclipse.m2e.core.internal.Bundles - 	Entry: C:\Users\Dell\.p2\pool\plugins\org.eclipse.m2e.maven.runtime_3.9.500.20231113-2345\jars\wagon-file-3.5.3.jar
2024-05-16 04:21:49,559 [Worker-16: Launching mavenrun-f9f2895d-7ea8-4c49-81a6-d7bffb85633e] INFO  o.eclipse.m2e.core.internal.Bundles - 	Entry: C:\Users\Dell\.p2\pool\plugins\org.eclipse.m2e.maven.runtime_3.9.500.20231113-2345\jars\wagon-http-3.5.3.jar
2024-05-16 04:21:49,559 [Worker-16: Launching mavenrun-f9f2895d-7ea8-4c49-81a6-d7bffb85633e] INFO  o.eclipse.m2e.core.internal.Bundles - 	Entry: C:\Users\Dell\.p2\pool\plugins\org.eclipse.m2e.maven.runtime_3.9.500.20231113-2345\jars\wagon-http-shared-3.5.3.jar
2024-05-16 04:21:49,560 [Worker-16: Launching mavenrun-f9f2895d-7ea8-4c49-81a6-d7bffb85633e] INFO  o.eclipse.m2e.core.internal.Bundles - 	Entry: C:\Users\Dell\.p2\pool\plugins\org.eclipse.m2e.maven.runtime_3.9.500.20231113-2345\jars\wagon-provider-api-3.5.3.jar
2024-05-16 04:21:49,628 [Worker-16: Launching mavenrun-f9f2895d-7ea8-4c49-81a6-d7bffb85633e] INFO  o.eclipse.m2e.core.internal.Bundles - getClasspathEntries(Bundle=com.google.guava_32.1.3.jre [10])
2024-05-16 04:21:49,629 [Worker-16: Launching mavenrun-f9f2895d-7ea8-4c49-81a6-d7bffb85633e] INFO  o.eclipse.m2e.core.internal.Bundles - 	Entry: C:\Users\Dell\.p2\pool\plugins\com.google.guava_32.1.3.jre.jar
2024-05-16 04:21:49,630 [Worker-16: Launching mavenrun-f9f2895d-7ea8-4c49-81a6-d7bffb85633e] INFO  o.eclipse.m2e.core.internal.Bundles - getClasspathEntries(Bundle=slf4j.api_2.0.12 [615])
2024-05-16 04:21:49,637 [Worker-16: Launching mavenrun-f9f2895d-7ea8-4c49-81a6-d7bffb85633e] INFO  o.eclipse.m2e.core.internal.Bundles - 	Entry: C:\Users\Dell\.p2\pool\plugins\slf4j.api_2.0.12.jar
2024-05-16 04:21:49,637 [Worker-16: Launching mavenrun-f9f2895d-7ea8-4c49-81a6-d7bffb85633e] INFO  o.eclipse.m2e.core.internal.Bundles - getClasspathEntries(Bundle=jakarta.inject.jakarta.inject-api_1.0.5 [22])
2024-05-16 04:21:49,666 [Worker-16: Launching mavenrun-f9f2895d-7ea8-4c49-81a6-d7bffb85633e] INFO  o.eclipse.m2e.core.internal.Bundles - 	Entry: C:\Users\Dell\.p2\pool\plugins\jakarta.inject.jakarta.inject-api_1.0.5.jar
2024-05-16 04:21:49,666 [Worker-16: Launching mavenrun-f9f2895d-7ea8-4c49-81a6-d7bffb85633e] INFO  o.eclipse.m2e.core.internal.Bundles - getClasspathEntries(Bundle=jakarta.annotation-api_1.3.5 [20])
2024-05-16 04:21:49,668 [Worker-16: Launching mavenrun-f9f2895d-7ea8-4c49-81a6-d7bffb85633e] INFO  o.eclipse.m2e.core.internal.Bundles - 	Entry: C:\Users\Dell\.p2\pool\plugins\jakarta.annotation-api_1.3.5.jar
2024-05-16 04:21:49,668 [Worker-16: Launching mavenrun-f9f2895d-7ea8-4c49-81a6-d7bffb85633e] INFO  o.eclipse.m2e.core.internal.Bundles - getClasspathEntries(Bundle=org.apache.commons.cli_1.6.0 [46])
2024-05-16 04:21:49,669 [Worker-16: Launching mavenrun-f9f2895d-7ea8-4c49-81a6-d7bffb85633e] INFO  o.eclipse.m2e.core.internal.Bundles - 	Entry: C:\Users\Dell\.p2\pool\plugins\org.apache.commons.cli_1.6.0.jar
2024-05-16 04:21:49,669 [Worker-16: Launching mavenrun-f9f2895d-7ea8-4c49-81a6-d7bffb85633e] INFO  o.eclipse.m2e.core.internal.Bundles - getClasspathEntries(Bundle=org.apache.commons.commons-codec_1.16.0 [48])
2024-05-16 04:21:49,715 [Worker-16: Launching mavenrun-f9f2895d-7ea8-4c49-81a6-d7bffb85633e] INFO  o.eclipse.m2e.core.internal.Bundles - 	Entry: C:\Users\Dell\.p2\pool\plugins\org.apache.commons.commons-codec_1.16.0.jar
2024-05-16 04:21:49,715 [Worker-16: Launching mavenrun-f9f2895d-7ea8-4c49-81a6-d7bffb85633e] INFO  o.eclipse.m2e.core.internal.Bundles - getClasspathEntries(Bundle=org.apache.commons.lang3_3.13.0 [53])
2024-05-16 04:21:49,765 [Worker-16: Launching mavenrun-f9f2895d-7ea8-4c49-81a6-d7bffb85633e] INFO  o.eclipse.m2e.core.internal.Bundles - 	Entry: C:\Users\Dell\.p2\pool\plugins\org.apache.commons.lang3_3.13.0.jar
2024-05-16 04:21:49,766 [Worker-16: Launching mavenrun-f9f2895d-7ea8-4c49-81a6-d7bffb85633e] INFO  o.eclipse.m2e.core.internal.Bundles - getClasspathEntries(Bundle=com.google.guava.failureaccess_1.0.2 [11])
2024-05-16 04:21:49,767 [Worker-16: Launching mavenrun-f9f2895d-7ea8-4c49-81a6-d7bffb85633e] INFO  o.eclipse.m2e.core.internal.Bundles - 	Entry: C:\Users\Dell\.p2\pool\plugins\com.google.guava.failureaccess_1.0.2.jar
2024-05-16 04:21:50,179 [Worker-16: Launching mavenrun-f9f2895d-7ea8-4c49-81a6-d7bffb85633e] INFO  o.e.m.i.launch.MavenLaunchDelegate - Run build in "C:\Users\Dell\AppData\Local\Temp\m2e-archetypeGenerator17889577114556545443":
2024-05-16 04:21:50,231 [Worker-16: Launching mavenrun-f9f2895d-7ea8-4c49-81a6-d7bffb85633e] INFO  o.e.m.i.launch.MavenLaunchDelegate -  mvn  -DarchetypeGroupId=org.apache.maven.archetypes -DarchetypeArtifactId=maven-archetype-quickstart -DarchetypeVersion=1.4 -DgroupId=OrangeHrm -DartifactId=Hrm -Dversion=0.0.1-SNAPSHOT -Dpackage=OrangeHrm.Hrm -DoutputDirectory=F:\2024\CapstoneProject -Dstyle.color=always -U archetype:generate
2024-05-16 04:22:55,677 [Worker-17: Creating maven-archetype-quickstart] INFO  o.e.m.c.i.p.ProjectConfigurationManager - Collecting project info '/pom.xml' F:\2024\CapstoneProject\Hrm\pom.xml
2024-05-16 04:23:24,737 [Worker-17: Creating maven-archetype-quickstart] INFO  o.e.m.c.i.l.LifecycleMappingFactory - Using org.eclipse.m2e.jdt.JarLifecycleMapping lifecycle mapping for MavenProject: OrangeHrm:Hrm:0.0.1-SNAPSHOT @ F:\2024\CapstoneProject\Hrm\pom.xml.
2024-05-16 04:23:36,151 [Worker-17: Creating maven-archetype-quickstart] INFO  o.e.m.j.i.AbstractJavaProjectConfigurator - Adding source folder /Hrm/src/main/java
2024-05-16 04:23:36,153 [Worker-17: Creating maven-archetype-quickstart] INFO  o.e.m.j.i.AbstractJavaProjectConfigurator - Adding resource folder /Hrm/src/main/resources
2024-05-16 04:23:37,933 [Worker-17: Creating maven-archetype-quickstart] INFO  o.e.m.j.i.AbstractJavaProjectConfigurator - Adding source folder /Hrm/src/test/java
2024-05-16 04:23:37,934 [Worker-17: Creating maven-archetype-quickstart] INFO  o.e.m.j.i.AbstractJavaProjectConfigurator - Adding resource folder /Hrm/src/test/resources
2024-05-16 04:23:44,351 [Worker-17: Creating maven-archetype-quickstart] INFO  o.e.m.c.i.p.ProjectConfigurationManager - Imported and configured 1 project(s) in 48 sec
2024-05-16 04:23:49,547 [Worker-5: Building] INFO  o.e.m.c.i.embedder.EclipseLogger - Using 'UTF-8' encoding to copy filtered resources.
2024-05-16 04:23:49,548 [Worker-5: Building] INFO  o.e.m.c.i.embedder.EclipseLogger - skip non existing resourceDirectory F:\2024\CapstoneProject\Hrm\src\main\resources
2024-05-16 04:23:49,558 [Worker-5: Building] INFO  o.e.m.c.i.embedder.EclipseLogger - Using 'UTF-8' encoding to copy filtered resources.
2024-05-16 04:23:49,559 [Worker-5: Building] INFO  o.e.m.c.i.embedder.EclipseLogger - skip non existing resourceDirectory F:\2024\CapstoneProject\Hrm\src\test\resources
2024-05-16 04:30:25,071 [Worker-0: Building] INFO  o.e.m.c.i.embedder.EclipseLogger - Using 'UTF-8' encoding to copy filtered resources.
2024-05-16 04:30:25,073 [Worker-0: Building] INFO  o.e.m.c.i.embedder.EclipseLogger - skip non existing resourceDirectory F:\2024\CapstoneProject\Hrm\src\main\resources
2024-05-16 04:30:25,081 [Worker-0: Building] INFO  o.e.m.c.i.embedder.EclipseLogger - Using 'UTF-8' encoding to copy filtered resources.
2024-05-16 04:30:25,082 [Worker-0: Building] INFO  o.e.m.c.i.embedder.EclipseLogger - skip non existing resourceDirectory F:\2024\CapstoneProject\Hrm\src\test\resources
2024-05-16 04:31:35,966 [Worker-19: Building] INFO  o.e.m.c.i.embedder.EclipseLogger - Using 'UTF-8' encoding to copy filtered resources.
2024-05-16 04:31:35,968 [Worker-19: Building] INFO  o.e.m.c.i.embedder.EclipseLogger - skip non existing resourceDirectory F:\2024\CapstoneProject\Hrm\src\main\resources
2024-05-16 04:31:35,978 [Worker-19: Building] INFO  o.e.m.c.i.embedder.EclipseLogger - Using 'UTF-8' encoding to copy filtered resources.
2024-05-16 04:31:35,978 [Worker-19: Building] INFO  o.e.m.c.i.embedder.EclipseLogger - skip non existing resourceDirectory F:\2024\CapstoneProject\Hrm\src\test\resources
2024-05-16 04:32:16,197 [Worker-17: Building] INFO  o.e.m.c.i.embedder.EclipseLogger - Using 'UTF-8' encoding to copy filtered resources.
2024-05-16 04:32:16,198 [Worker-17: Building] INFO  o.e.m.c.i.embedder.EclipseLogger - skip non existing resourceDirectory F:\2024\CapstoneProject\Hrm\src\main\resources
2024-05-16 04:32:16,208 [Worker-17: Building] INFO  o.e.m.c.i.embedder.EclipseLogger - Using 'UTF-8' encoding to copy filtered resources.
2024-05-16 04:32:16,208 [Worker-17: Building] INFO  o.e.m.c.i.embedder.EclipseLogger - skip non existing resourceDirectory F:\2024\CapstoneProject\Hrm\src\test\resources
2024-05-16 04:35:13,836 [Worker-19: Building] INFO  o.e.m.c.i.embedder.EclipseLogger - Using 'UTF-8' encoding to copy filtered resources.
2024-05-16 04:35:13,838 [Worker-19: Building] INFO  o.e.m.c.i.embedder.EclipseLogger - skip non existing resourceDirectory F:\2024\CapstoneProject\Hrm\src\main\resources
2024-05-16 04:35:13,844 [Worker-19: Building] INFO  o.e.m.c.i.embedder.EclipseLogger - Using 'UTF-8' encoding to copy filtered resources.
2024-05-16 04:35:13,844 [Worker-19: Building] INFO  o.e.m.c.i.embedder.EclipseLogger - skip non existing resourceDirectory F:\2024\CapstoneProject\Hrm\src\test\resources
2024-05-16 04:39:02,371 [Worker-0: Building] INFO  o.e.m.c.i.embedder.EclipseLogger - Using 'UTF-8' encoding to copy filtered resources.
2024-05-16 04:39:02,374 [Worker-0: Building] INFO  o.e.m.c.i.embedder.EclipseLogger - skip non existing resourceDirectory F:\2024\CapstoneProject\Hrm\src\main\resources
2024-05-16 04:39:02,386 [Worker-0: Building] INFO  o.e.m.c.i.embedder.EclipseLogger - Using 'UTF-8' encoding to copy filtered resources.
2024-05-16 04:39:02,387 [Worker-0: Building] INFO  o.e.m.c.i.embedder.EclipseLogger - skip non existing resourceDirectory F:\2024\CapstoneProject\Hrm\src\test\resources
2024-05-16 04:41:44,727 [Worker-20: Building] INFO  o.e.m.c.i.embedder.EclipseLogger - Using 'UTF-8' encoding to copy filtered resources.
2024-05-16 04:41:44,729 [Worker-20: Building] INFO  o.e.m.c.i.embedder.EclipseLogger - skip non existing resourceDirectory F:\2024\CapstoneProject\Hrm\src\main\resources
2024-05-16 04:41:44,739 [Worker-20: Building] INFO  o.e.m.c.i.embedder.EclipseLogger - Using 'UTF-8' encoding to copy filtered resources.
2024-05-16 04:41:44,739 [Worker-20: Building] INFO  o.e.m.c.i.embedder.EclipseLogger - skip non existing resourceDirectory F:\2024\CapstoneProject\Hrm\src\test\resources
2024-05-16 04:42:02,302 [Worker-0: Building] INFO  o.e.m.c.i.embedder.EclipseLogger - Using 'UTF-8' encoding to copy filtered resources.
2024-05-16 04:42:02,303 [Worker-0: Building] INFO  o.e.m.c.i.embedder.EclipseLogger - skip non existing resourceDirectory F:\2024\CapstoneProject\Hrm\src\main\resources
2024-05-16 04:42:02,326 [Worker-0: Building] INFO  o.e.m.c.i.embedder.EclipseLogger - Using 'UTF-8' encoding to copy filtered resources.
2024-05-16 04:42:02,327 [Worker-0: Building] INFO  o.e.m.c.i.embedder.EclipseLogger - skip non existing resourceDirectory F:\2024\CapstoneProject\Hrm\src\test\resources
2024-05-16 04:50:40,078 [Worker-4: Building] INFO  o.e.m.c.i.embedder.EclipseLogger - Using 'UTF-8' encoding to copy filtered resources.
2024-05-16 04:50:40,098 [Worker-4: Building] INFO  o.e.m.c.i.embedder.EclipseLogger - skip non existing resourceDirectory F:\2024\CapstoneProject\Hrm\src\main\resources
2024-05-16 04:50:40,136 [Worker-4: Building] INFO  o.e.m.c.i.embedder.EclipseLogger - Using 'UTF-8' encoding to copy filtered resources.
2024-05-16 04:50:40,137 [Worker-4: Building] INFO  o.e.m.c.i.embedder.EclipseLogger - skip non existing resourceDirectory F:\2024\CapstoneProject\Hrm\src\test\resources
2024-05-16 04:50:54,763 [Worker-0: Building] INFO  o.e.m.c.i.embedder.EclipseLogger - Using 'UTF-8' encoding to copy filtered resources.
2024-05-16 04:50:54,764 [Worker-0: Building] INFO  o.e.m.c.i.embedder.EclipseLogger - skip non existing resourceDirectory F:\2024\CapstoneProject\Hrm\src\main\resources
2024-05-16 04:50:54,773 [Worker-0: Building] INFO  o.e.m.c.i.embedder.EclipseLogger - Using 'UTF-8' encoding to copy filtered resources.
2024-05-16 04:50:54,773 [Worker-0: Building] INFO  o.e.m.c.i.embedder.EclipseLogger - skip non existing resourceDirectory F:\2024\CapstoneProject\Hrm\src\test\resources
2024-05-16 04:52:21,718 [Worker-11: Building] INFO  o.e.m.c.i.embedder.EclipseLogger - Using 'UTF-8' encoding to copy filtered resources.
2024-05-16 04:52:21,721 [Worker-11: Building] INFO  o.e.m.c.i.embedder.EclipseLogger - skip non existing resourceDirectory F:\2024\CapstoneProject\Hrm\src\main\resources
2024-05-16 04:52:21,729 [Worker-11: Building] INFO  o.e.m.c.i.embedder.EclipseLogger - Using 'UTF-8' encoding to copy filtered resources.
2024-05-16 04:52:21,729 [Worker-11: Building] INFO  o.e.m.c.i.embedder.EclipseLogger - skip non existing resourceDirectory F:\2024\CapstoneProject\Hrm\src\test\resources
2024-05-16 04:52:22,835 [Worker-11: Building] INFO  o.e.m.c.i.embedder.EclipseLogger - Using 'UTF-8' encoding to copy filtered resources.
2024-05-16 04:52:22,836 [Worker-11: Building] INFO  o.e.m.c.i.embedder.EclipseLogger - skip non existing resourceDirectory F:\2024\CapstoneProject\Hrm\src\main\resources
2024-05-16 04:52:22,857 [Worker-11: Building] INFO  o.e.m.c.i.embedder.EclipseLogger - Using 'UTF-8' encoding to copy filtered resources.
2024-05-16 04:52:22,857 [Worker-11: Building] INFO  o.e.m.c.i.embedder.EclipseLogger - skip non existing resourceDirectory F:\2024\CapstoneProject\Hrm\src\test\resources
2024-05-16 04:56:11,221 [Worker-0: Building] INFO  o.e.m.c.i.embedder.EclipseLogger - Using 'UTF-8' encoding to copy filtered resources.
2024-05-16 04:56:11,223 [Worker-0: Building] INFO  o.e.m.c.i.embedder.EclipseLogger - skip non existing resourceDirectory F:\2024\CapstoneProject\Hrm\src\main\resources
2024-05-16 04:56:11,232 [Worker-0: Building] INFO  o.e.m.c.i.embedder.EclipseLogger - Using 'UTF-8' encoding to copy filtered resources.
2024-05-16 04:56:11,232 [Worker-0: Building] INFO  o.e.m.c.i.embedder.EclipseLogger - skip non existing resourceDirectory F:\2024\CapstoneProject\Hrm\src\test\resources
2024-05-16 04:56:57,926 [Worker-23: Building] INFO  o.e.m.c.i.embedder.EclipseLogger - Using 'UTF-8' encoding to copy filtered resources.
2024-05-16 04:56:57,927 [Worker-23: Building] INFO  o.e.m.c.i.embedder.EclipseLogger - skip non existing resourceDirectory F:\2024\CapstoneProject\Hrm\src\main\resources
2024-05-16 04:56:57,936 [Worker-23: Building] INFO  o.e.m.c.i.embedder.EclipseLogger - Using 'UTF-8' encoding to copy filtered resources.
2024-05-16 04:56:57,937 [Worker-23: Building] INFO  o.e.m.c.i.embedder.EclipseLogger - skip non existing resourceDirectory F:\2024\CapstoneProject\Hrm\src\test\resources
2024-05-16 04:59:07,133 [Worker-22: Building] INFO  o.e.m.c.i.l.LifecycleMappingFactory - Using org.eclipse.m2e.jdt.JarLifecycleMapping lifecycle mapping for MavenProject: OrangeHrm:Hrm:0.0.1-SNAPSHOT @ F:\2024\CapstoneProject\Hrm\pom.xml.
2024-05-16 05:00:01,863 [Worker-22: Building] INFO  o.e.m.c.i.embedder.EclipseLogger - Using 'UTF-8' encoding to copy filtered resources.
2024-05-16 05:00:01,864 [Worker-22: Building] INFO  o.e.m.c.i.embedder.EclipseLogger - skip non existing resourceDirectory F:\2024\CapstoneProject\Hrm\src\main\resources
2024-05-16 05:00:01,988 [Worker-22: Building] INFO  o.e.m.c.i.embedder.EclipseLogger - Using 'UTF-8' encoding to copy filtered resources.
2024-05-16 05:00:02,676 [Worker-22: Building] INFO  o.e.m.c.i.embedder.EclipseLogger - skip non existing resourceDirectory F:\2024\CapstoneProject\Hrm\src\test\resources
2024-05-16 05:00:14,699 [Worker-26: Updating Maven Project] INFO  o.e.m.c.i.p.ProjectConfigurationManager - Update started
2024-05-16 05:00:19,523 [Worker-26: Updating Maven Project] INFO  o.e.m.c.i.l.LifecycleMappingFactory - Using org.eclipse.m2e.jdt.JarLifecycleMapping lifecycle mapping for MavenProject: OrangeHrm:Hrm:0.0.1-SNAPSHOT @ F:\2024\CapstoneProject\Hrm\pom.xml.
2024-05-16 05:00:28,279 [Worker-26: Updating Maven Project] INFO  o.e.m.j.i.AbstractJavaProjectConfigurator - Adding source folder /Hrm/src/main/java
2024-05-16 05:00:28,279 [Worker-26: Updating Maven Project] INFO  o.e.m.j.i.AbstractJavaProjectConfigurator - Adding resource folder /Hrm/src/main/resources
2024-05-16 05:00:28,282 [Worker-26: Updating Maven Project] INFO  o.e.m.j.i.AbstractJavaProjectConfigurator - Adding source folder /Hrm/src/test/java
2024-05-16 05:00:28,282 [Worker-26: Updating Maven Project] INFO  o.e.m.j.i.AbstractJavaProjectConfigurator - Adding resource folder /Hrm/src/test/resources
2024-05-16 05:00:30,758 [Worker-26: Updating Maven Project] INFO  o.e.m.c.i.p.ProjectConfigurationManager - Update completed for 1 poms: local refresh takes 1.00 sec, refresh facades takes 5.00 sec, update config takes 8.00 sec 
2024-05-16 05:00:38,625 [Worker-27: Building] INFO  o.e.m.c.i.embedder.EclipseLogger - Using 'UTF-8' encoding to copy filtered resources.
2024-05-16 05:00:38,626 [Worker-27: Building] INFO  o.e.m.c.i.embedder.EclipseLogger - skip non existing resourceDirectory F:\2024\CapstoneProject\Hrm\src\main\resources
2024-05-16 05:00:38,636 [Worker-27: Building] INFO  o.e.m.c.i.embedder.EclipseLogger - Using 'UTF-8' encoding to copy filtered resources.
2024-05-16 05:00:38,636 [Worker-27: Building] INFO  o.e.m.c.i.embedder.EclipseLogger - skip non existing resourceDirectory F:\2024\CapstoneProject\Hrm\src\test\resources
2024-05-16 05:08:11,282 [Worker-21: Building] INFO  o.e.m.c.i.embedder.EclipseLogger - Using 'UTF-8' encoding to copy filtered resources.
2024-05-16 05:08:11,287 [Worker-21: Building] INFO  o.e.m.c.i.embedder.EclipseLogger - skip non existing resourceDirectory F:\2024\CapstoneProject\Hrm\src\main\resources
2024-05-16 05:08:11,294 [Worker-21: Building] INFO  o.e.m.c.i.embedder.EclipseLogger - Using 'UTF-8' encoding to copy filtered resources.
2024-05-16 05:08:11,295 [Worker-21: Building] INFO  o.e.m.c.i.embedder.EclipseLogger - skip non existing resourceDirectory F:\2024\CapstoneProject\Hrm\src\test\resources
2024-05-16 05:09:38,065 [Start Help Server] INFO  org.eclipse.jetty.server.Server - jetty-12.0.3; built: 2023-10-27T03:25:22.284Z; git: a873259fd5af141dedaa6c7fa8fe8fbdedce0d61; jvm 17.0.9+11-LTS-201
2024-05-16 05:09:38,649 [Start Help Server] INFO  o.e.j.server.handler.ContextHandler - Started oeje8n.ContextHandler$CoreContextHandler@7fa744ce{/help,/help,b=null,a=AVAILABLE,h=oeje8n.ContextHandler$CoreContextHandler$CoreToNestedHandler@1fcd897{STARTED}}
2024-05-16 05:09:38,666 [Start Help Server] INFO  o.e.j.s.DefaultSessionIdManager - Session workerName=node0
2024-05-16 05:09:39,022 [Start Help Server] INFO  o.e.jetty.server.AbstractConnector - Started ServerConnector@4640fbaf{HTTP/1.1, (http/1.1)}{127.0.0.1:56264}
2024-05-16 05:09:39,150 [Start Help Server] INFO  org.eclipse.jetty.server.Server - Started oejs.Server@5dc54498{STARTING}[12.0.3,sto=0] @4266177ms
2024-05-16 05:28:09,828 [Worker-33: Building] INFO  o.e.m.c.i.embedder.EclipseLogger - Using 'UTF-8' encoding to copy filtered resources.
2024-05-16 05:28:10,698 [Worker-33: Building] INFO  o.e.m.c.i.embedder.EclipseLogger - skip non existing resourceDirectory F:\2024\CapstoneProject\Hrm\src\main\resources
2024-05-16 05:28:10,770 [Worker-33: Building] INFO  o.e.m.c.i.embedder.EclipseLogger - Using 'UTF-8' encoding to copy filtered resources.
2024-05-16 05:28:10,770 [Worker-33: Building] INFO  o.e.m.c.i.embedder.EclipseLogger - skip non existing resourceDirectory F:\2024\CapstoneProject\Hrm\src\test\resources
2024-05-16 05:30:46,853 [Worker-32: Building] INFO  o.e.m.c.i.embedder.EclipseLogger - Using 'UTF-8' encoding to copy filtered resources.
2024-05-16 05:30:46,855 [Worker-32: Building] INFO  o.e.m.c.i.embedder.EclipseLogger - skip non existing resourceDirectory F:\2024\CapstoneProject\Hrm\src\main\resources
2024-05-16 05:30:46,919 [Worker-32: Building] INFO  o.e.m.c.i.embedder.EclipseLogger - Using 'UTF-8' encoding to copy filtered resources.
2024-05-16 05:30:46,920 [Worker-32: Building] INFO  o.e.m.c.i.embedder.EclipseLogger - skip non existing resourceDirectory F:\2024\CapstoneProject\Hrm\src\test\resources
2024-05-16 05:31:38,936 [Worker-33: Building] INFO  o.e.m.c.i.embedder.EclipseLogger - Using 'UTF-8' encoding to copy filtered resources.
2024-05-16 05:31:38,936 [Worker-33: Building] INFO  o.e.m.c.i.embedder.EclipseLogger - skip non existing resourceDirectory F:\2024\CapstoneProject\Hrm\src\main\resources
2024-05-16 05:31:38,943 [Worker-33: Building] INFO  o.e.m.c.i.embedder.EclipseLogger - Using 'UTF-8' encoding to copy filtered resources.
2024-05-16 05:31:38,944 [Worker-33: Building] INFO  o.e.m.c.i.embedder.EclipseLogger - skip non existing resourceDirectory F:\2024\CapstoneProject\Hrm\src\test\resources
2024-05-16 05:31:48,256 [Worker-33: Building] INFO  o.e.m.c.i.embedder.EclipseLogger - Using 'UTF-8' encoding to copy filtered resources.
2024-05-16 05:31:48,259 [Worker-33: Building] INFO  o.e.m.c.i.embedder.EclipseLogger - skip non existing resourceDirectory F:\2024\CapstoneProject\Hrm\src\main\resources
2024-05-16 05:31:48,266 [Worker-33: Building] INFO  o.e.m.c.i.embedder.EclipseLogger - Using 'UTF-8' encoding to copy filtered resources.
2024-05-16 05:31:48,267 [Worker-33: Building] INFO  o.e.m.c.i.embedder.EclipseLogger - skip non existing resourceDirectory F:\2024\CapstoneProject\Hrm\src\test\resources
2024-05-16 05:34:59,247 [Worker-21: Building] INFO  o.e.m.c.i.embedder.EclipseLogger - Using 'UTF-8' encoding to copy filtered resources.
2024-05-16 05:34:59,249 [Worker-21: Building] INFO  o.e.m.c.i.embedder.EclipseLogger - skip non existing resourceDirectory F:\2024\CapstoneProject\Hrm\src\main\resources
2024-05-16 05:34:59,254 [Worker-21: Building] INFO  o.e.m.c.i.embedder.EclipseLogger - Using 'UTF-8' encoding to copy filtered resources.
2024-05-16 05:34:59,254 [Worker-21: Building] INFO  o.e.m.c.i.embedder.EclipseLogger - skip non existing resourceDirectory F:\2024\CapstoneProject\Hrm\src\test\resources
2024-05-16 05:36:32,213 [Worker-21: Building] INFO  o.e.m.c.i.embedder.EclipseLogger - Using 'UTF-8' encoding to copy filtered resources.
2024-05-16 05:36:32,222 [Worker-21: Building] INFO  o.e.m.c.i.embedder.EclipseLogger - skip non existing resourceDirectory F:\2024\CapstoneProject\Hrm\src\main\resources
2024-05-16 05:36:32,279 [Worker-21: Building] INFO  o.e.m.c.i.embedder.EclipseLogger - Using 'UTF-8' encoding to copy filtered resources.
2024-05-16 05:36:32,279 [Worker-21: Building] INFO  o.e.m.c.i.embedder.EclipseLogger - skip non existing resourceDirectory F:\2024\CapstoneProject\Hrm\src\test\resources
2024-05-16 05:36:59,385 [Worker-21: Building] INFO  o.e.m.c.i.embedder.EclipseLogger - Using 'UTF-8' encoding to copy filtered resources.
2024-05-16 05:36:59,386 [Worker-21: Building] INFO  o.e.m.c.i.embedder.EclipseLogger - skip non existing resourceDirectory F:\2024\CapstoneProject\Hrm\src\main\resources
2024-05-16 05:36:59,391 [Worker-21: Building] INFO  o.e.m.c.i.embedder.EclipseLogger - Using 'UTF-8' encoding to copy filtered resources.
2024-05-16 05:36:59,392 [Worker-21: Building] INFO  o.e.m.c.i.embedder.EclipseLogger - skip non existing resourceDirectory F:\2024\CapstoneProject\Hrm\src\test\resources
2024-05-16 06:08:32,058 [Worker-36: Building] INFO  o.e.m.c.i.embedder.EclipseLogger - Using 'UTF-8' encoding to copy filtered resources.
2024-05-16 06:08:32,069 [Worker-36: Building] INFO  o.e.m.c.i.embedder.EclipseLogger - skip non existing resourceDirectory F:\2024\CapstoneProject\Hrm\src\main\resources
2024-05-16 06:08:32,075 [Worker-36: Building] INFO  o.e.m.c.i.embedder.EclipseLogger - Using 'UTF-8' encoding to copy filtered resources.
2024-05-16 06:08:32,075 [Worker-36: Building] INFO  o.e.m.c.i.embedder.EclipseLogger - skip non existing resourceDirectory F:\2024\CapstoneProject\Hrm\src\test\resources
2024-05-16 06:13:14,212 [Worker-27: Building] INFO  o.e.m.c.i.l.LifecycleMappingFactory - Using org.eclipse.m2e.jdt.JarLifecycleMapping lifecycle mapping for MavenProject: OrangeHrm:Hrm:0.0.1-SNAPSHOT @ F:\2024\CapstoneProject\Hrm\pom.xml.
2024-05-16 06:13:45,935 [Worker-27: Building] INFO  o.e.m.c.i.embedder.EclipseLogger - Using 'UTF-8' encoding to copy filtered resources.
2024-05-16 06:13:45,936 [Worker-27: Building] INFO  o.e.m.c.i.embedder.EclipseLogger - skip non existing resourceDirectory F:\2024\CapstoneProject\Hrm\src\main\resources
2024-05-16 06:13:45,944 [Worker-27: Building] INFO  o.e.m.c.i.embedder.EclipseLogger - Using 'UTF-8' encoding to copy filtered resources.
2024-05-16 06:13:45,945 [Worker-27: Building] INFO  o.e.m.c.i.embedder.EclipseLogger - skip non existing resourceDirectory F:\2024\CapstoneProject\Hrm\src\test\resources
2024-05-16 06:14:09,037 [Worker-37: Building] INFO  o.e.m.c.i.embedder.EclipseLogger - Using 'UTF-8' encoding to copy filtered resources.
2024-05-16 06:14:09,038 [Worker-37: Building] INFO  o.e.m.c.i.embedder.EclipseLogger - skip non existing resourceDirectory F:\2024\CapstoneProject\Hrm\src\main\resources
2024-05-16 06:14:09,045 [Worker-37: Building] INFO  o.e.m.c.i.embedder.EclipseLogger - Using 'UTF-8' encoding to copy filtered resources.
2024-05-16 06:14:09,045 [Worker-37: Building] INFO  o.e.m.c.i.embedder.EclipseLogger - skip non existing resourceDirectory F:\2024\CapstoneProject\Hrm\src\test\resources
2024-05-16 06:23:16,226 [Worker-37: Building] INFO  o.e.m.c.i.embedder.EclipseLogger - Using 'UTF-8' encoding to copy filtered resources.
2024-05-16 06:23:16,232 [Worker-37: Building] INFO  o.e.m.c.i.embedder.EclipseLogger - skip non existing resourceDirectory F:\2024\CapstoneProject\Hrm\src\main\resources
2024-05-16 06:23:16,245 [Worker-37: Building] INFO  o.e.m.c.i.embedder.EclipseLogger - Using 'UTF-8' encoding to copy filtered resources.
2024-05-16 06:23:16,245 [Worker-37: Building] INFO  o.e.m.c.i.embedder.EclipseLogger - skip non existing resourceDirectory F:\2024\CapstoneProject\Hrm\src\test\resources
2024-05-16 06:23:56,058 [Worker-45: Building] INFO  o.e.m.c.i.embedder.EclipseLogger - Using 'UTF-8' encoding to copy filtered resources.
2024-05-16 06:23:56,058 [Worker-45: Building] INFO  o.e.m.c.i.embedder.EclipseLogger - skip non existing resourceDirectory F:\2024\CapstoneProject\Hrm\src\main\resources
2024-05-16 06:23:56,071 [Worker-45: Building] INFO  o.e.m.c.i.embedder.EclipseLogger - Using 'UTF-8' encoding to copy filtered resources.
2024-05-16 06:23:56,072 [Worker-45: Building] INFO  o.e.m.c.i.embedder.EclipseLogger - skip non existing resourceDirectory F:\2024\CapstoneProject\Hrm\src\test\resources
2024-05-16 06:26:55,435 [Worker-46: Building] INFO  o.e.m.c.i.embedder.EclipseLogger - Using 'UTF-8' encoding to copy filtered resources.
2024-05-16 06:26:55,438 [Worker-46: Building] INFO  o.e.m.c.i.embedder.EclipseLogger - skip non existing resourceDirectory F:\2024\CapstoneProject\Hrm\src\main\resources
2024-05-16 06:26:55,447 [Worker-46: Building] INFO  o.e.m.c.i.embedder.EclipseLogger - Using 'UTF-8' encoding to copy filtered resources.
2024-05-16 06:26:55,448 [Worker-46: Building] INFO  o.e.m.c.i.embedder.EclipseLogger - skip non existing resourceDirectory F:\2024\CapstoneProject\Hrm\src\test\resources
2024-05-16 06:28:07,614 [Worker-43: Building] INFO  o.e.m.c.i.embedder.EclipseLogger - Using 'UTF-8' encoding to copy filtered resources.
2024-05-16 06:28:07,615 [Worker-43: Building] INFO  o.e.m.c.i.embedder.EclipseLogger - skip non existing resourceDirectory F:\2024\CapstoneProject\Hrm\src\main\resources
2024-05-16 06:28:07,621 [Worker-43: Building] INFO  o.e.m.c.i.embedder.EclipseLogger - Using 'UTF-8' encoding to copy filtered resources.
2024-05-16 06:28:07,621 [Worker-43: Building] INFO  o.e.m.c.i.embedder.EclipseLogger - skip non existing resourceDirectory F:\2024\CapstoneProject\Hrm\src\test\resources
